[2021-11-23 10:53:19] production.ERROR: Class 'Botble\Blog\Models\Post' not found {"exception":"[object] (Error(code: 0): Class 'Botble\\Blog\\Models\\Post' not found at /home1/xdjqknmy/public_html/Projects/roomlet/vendor/botble/slug/src/Providers/SlugServiceProvider.php:76)
[stacktrace]
#0 /home1/xdjqknmy/public_html/Projects/roomlet/vendor/laravel/framework/src/Illuminate/Foundation/Application.php(955): Botble\\Slug\\Providers\\SlugServiceProvider->Botble\\Slug\\Providers\\{closure}(Object(Illuminate\\Foundation\\Application))
#1 /home1/xdjqknmy/public_html/Projects/roomlet/vendor/laravel/framework/src/Illuminate/Foundation/Application.php(900): Illuminate\\Foundation\\Application->fireAppCallbacks(Array)
#2 /home1/xdjqknmy/public_html/Projects/roomlet/vendor/laravel/framework/src/Illuminate/Foundation/Bootstrap/BootProviders.php(17): Illuminate\\Foundation\\Application->boot()
#3 /home1/xdjqknmy/public_html/Projects/roomlet/vendor/laravel/framework/src/Illuminate/Foundation/Application.php(237): Illuminate\\Foundation\\Bootstrap\\BootProviders->bootstrap(Object(Illuminate\\Foundation\\Application))
#4 /home1/xdjqknmy/public_html/Projects/roomlet/vendor/laravel/framework/src/Illuminate/Foundation/Http/Kernel.php(152): Illuminate\\Foundation\\Application->bootstrapWith(Array)
#5 /home1/xdjqknmy/public_html/Projects/roomlet/vendor/laravel/framework/src/Illuminate/Foundation/Http/Kernel.php(136): Illuminate\\Foundation\\Http\\Kernel->bootstrap()
#6 /home1/xdjqknmy/public_html/Projects/roomlet/vendor/laravel/framework/src/Illuminate/Foundation/Http/Kernel.php(110): Illuminate\\Foundation\\Http\\Kernel->sendRequestThroughRouter(Object(Illuminate\\Http\\Request))
#7 /home1/xdjqknmy/public_html/Projects/roomlet/public/index.php(56): Illuminate\\Foundation\\Http\\Kernel->handle(Object(Illuminate\\Http\\Request))
#8 {main}
"} 
[2021-11-23 10:54:28] production.ERROR: Class 'Botble\Blog\Models\Post' not found {"exception":"[object] (Error(code: 0): Class 'Botble\\Blog\\Models\\Post' not found at /home1/xdjqknmy/public_html/Projects/roomlet/vendor/botble/slug/src/Providers/SlugServiceProvider.php:76)
[stacktrace]
#0 /home1/xdjqknmy/public_html/Projects/roomlet/vendor/laravel/framework/src/Illuminate/Foundation/Application.php(955): Botble\\Slug\\Providers\\SlugServiceProvider->Botble\\Slug\\Providers\\{closure}(Object(Illuminate\\Foundation\\Application))
#1 /home1/xdjqknmy/public_html/Projects/roomlet/vendor/laravel/framework/src/Illuminate/Foundation/Application.php(900): Illuminate\\Foundation\\Application->fireAppCallbacks(Array)
#2 /home1/xdjqknmy/public_html/Projects/roomlet/vendor/laravel/framework/src/Illuminate/Foundation/Bootstrap/BootProviders.php(17): Illuminate\\Foundation\\Application->boot()
#3 /home1/xdjqknmy/public_html/Projects/roomlet/vendor/laravel/framework/src/Illuminate/Foundation/Application.php(237): Illuminate\\Foundation\\Bootstrap\\BootProviders->bootstrap(Object(Illuminate\\Foundation\\Application))
#4 /home1/xdjqknmy/public_html/Projects/roomlet/vendor/laravel/framework/src/Illuminate/Foundation/Http/Kernel.php(152): Illuminate\\Foundation\\Application->bootstrapWith(Array)
#5 /home1/xdjqknmy/public_html/Projects/roomlet/vendor/laravel/framework/src/Illuminate/Foundation/Http/Kernel.php(136): Illuminate\\Foundation\\Http\\Kernel->bootstrap()
#6 /home1/xdjqknmy/public_html/Projects/roomlet/vendor/laravel/framework/src/Illuminate/Foundation/Http/Kernel.php(110): Illuminate\\Foundation\\Http\\Kernel->sendRequestThroughRouter(Object(Illuminate\\Http\\Request))
#7 /home1/xdjqknmy/public_html/Projects/roomlet/public/index.php(56): Illuminate\\Foundation\\Http\\Kernel->handle(Object(Illuminate\\Http\\Request))
#8 {main}
"} 
[2021-11-23 11:01:48] production.ERROR: Class 'Botble\Blog\Models\Post' not found {"exception":"[object] (Error(code: 0): Class 'Botble\\Blog\\Models\\Post' not found at /home1/xdjqknmy/public_html/Projects/roomlet/vendor/botble/slug/src/Providers/SlugServiceProvider.php:76)
[stacktrace]
#0 /home1/xdjqknmy/public_html/Projects/roomlet/vendor/laravel/framework/src/Illuminate/Foundation/Application.php(955): Botble\\Slug\\Providers\\SlugServiceProvider->Botble\\Slug\\Providers\\{closure}(Object(Illuminate\\Foundation\\Application))
#1 /home1/xdjqknmy/public_html/Projects/roomlet/vendor/laravel/framework/src/Illuminate/Foundation/Application.php(900): Illuminate\\Foundation\\Application->fireAppCallbacks(Array)
#2 /home1/xdjqknmy/public_html/Projects/roomlet/vendor/laravel/framework/src/Illuminate/Foundation/Bootstrap/BootProviders.php(17): Illuminate\\Foundation\\Application->boot()
#3 /home1/xdjqknmy/public_html/Projects/roomlet/vendor/laravel/framework/src/Illuminate/Foundation/Application.php(237): Illuminate\\Foundation\\Bootstrap\\BootProviders->bootstrap(Object(Illuminate\\Foundation\\Application))
#4 /home1/xdjqknmy/public_html/Projects/roomlet/vendor/laravel/framework/src/Illuminate/Foundation/Http/Kernel.php(152): Illuminate\\Foundation\\Application->bootstrapWith(Array)
#5 /home1/xdjqknmy/public_html/Projects/roomlet/vendor/laravel/framework/src/Illuminate/Foundation/Http/Kernel.php(136): Illuminate\\Foundation\\Http\\Kernel->bootstrap()
#6 /home1/xdjqknmy/public_html/Projects/roomlet/vendor/laravel/framework/src/Illuminate/Foundation/Http/Kernel.php(110): Illuminate\\Foundation\\Http\\Kernel->sendRequestThroughRouter(Object(Illuminate\\Http\\Request))
#7 /home1/xdjqknmy/public_html/Projects/roomlet/public/index.php(56): Illuminate\\Foundation\\Http\\Kernel->handle(Object(Illuminate\\Http\\Request))
#8 {main}
"} 
